<?xml version="1.0" encoding="UTF-8"?>
<!-- Generated by org.testng.reporters.JUnitReportReporter -->
<testsuite ignored="0" hostname="PC" failures="0" tests="1" name="com.learnautomation.testcases.LoginTestCRM" time="8.859" errors="0" timestamp="30 Jun 2021 13:15:22 GMT" skipped="0">
  <testcase classname="com.learnautomation.testcases.LoginTestCRM" name="loginApp" time="8.859"/>
</testsuite> <!-- com.learnautomation.testcases.LoginTestCRM -->
